# JRE version: Java(TM) SE Runtime Environment (8.0_351-b10) (build 1.8.0_351-b10)
# Java VM: Java HotSpot(TM) 64-Bit Server VM (25.351-b10 mixed mode windows-amd64 compressed oops)
Heap:
 PSYoungGen      total 553472K, used 455231K [0x000000076b780000, 0x0000000798900000, 0x00000007c0000000)
  eden space 510976K, 86% used [0x000000076b780000,0x000000078687e478,0x000000078aa80000)
  from space 42496K, 27% used [0x000000078d180000,0x000000078dd117b8,0x000000078fb00000)
  to   space 39936K, 0% used [0x000000078aa80000,0x000000078aa80000,0x000000078d180000)
 ParOldGen       total 218624K, used 87161K [0x00000006c2600000, 0x00000006cfb80000, 0x000000076b780000)
  object space 218624K, 39% used [0x00000006c2600000,0x00000006c7b1e5c8,0x00000006cfb80000)
 Metaspace       used 42167K, capacity 42523K, committed 43008K, reserved 1087488K
  class space    used 4876K, capacity 4995K, committed 5120K, reserved 1048576K
GC Heap History (10 events):
Event: 113.954 GC heap before
{Heap before GC invocations=26 (full 4):
 PSYoungGen      total 427520K, used 0K [0x000000076b780000, 0x000000078f600000, 0x00000007c0000000)
  eden space 387072K, 0% used [0x000000076b780000,0x000000076b780000,0x0000000783180000)
  from space 40448K, 0% used [0x0000000783180000,0x0000000783180000,0x0000000785900000)
  to   space 39936K, 0% used [0x000000078cf00000,0x000000078cf00000,0x000000078f600000)
 ParOldGen       total 218624K, used 60558K [0x00000006c2600000, 0x00000006cfb80000, 0x000000076b780000)
  object space 218624K, 27% used [0x00000006c2600000,0x00000006c6123b10,0x00000006cfb80000)
 Metaspace       used 30812K, capacity 31117K, committed 31488K, reserved 1077248K
  class space    used 3721K, capacity 3804K, committed 3840K, reserved 1048576K
Event: 113.955 GC heap after
Heap after GC invocations=26 (full 4):
 PSYoungGen      total 546304K, used 0K [0x000000076b780000, 0x000000078f400000, 0x00000007c0000000)
  eden space 508416K, 0% used [0x000000076b780000,0x000000076b780000,0x000000078a800000)
  from space 37888K, 0% used [0x000000078cf00000,0x000000078cf00000,0x000000078f400000)
  to   space 38912K, 0% used [0x000000078a800000,0x000000078a800000,0x000000078ce00000)
 ParOldGen       total 218624K, used 60558K [0x00000006c2600000, 0x00000006cfb80000, 0x000000076b780000)
  object space 218624K, 27% used [0x00000006c2600000,0x00000006c6123b10,0x00000006cfb80000)
 Metaspace       used 30812K, capacity 31117K, committed 31488K, reserved 1077248K
  class space    used 3721K, capacity 3804K, committed 3840K, reserved 1048576K
}
Event: 113.955 GC heap before
{Heap before GC invocations=27 (full 5):
 PSYoungGen      total 546304K, used 0K [0x000000076b780000, 0x000000078f400000, 0x00000007c0000000)
  eden space 508416K, 0% used [0x000000076b780000,0x000000076b780000,0x000000078a800000)
  from space 37888K, 0% used [0x000000078cf00000,0x000000078cf00000,0x000000078f400000)
  to   space 38912K, 0% used [0x000000078a800000,0x000000078a800000,0x000000078ce00000)
 ParOldGen       total 218624K, used 60558K [0x00000006c2600000, 0x00000006cfb80000, 0x000000076b780000)
  object space 218624K, 27% used [0x00000006c2600000,0x00000006c6123b10,0x00000006cfb80000)
 Metaspace       used 30812K, capacity 31117K, committed 31488K, reserved 1077248K
  class space    used 3721K, capacity 3804K, committed 3840K, reserved 1048576K
Event: 113.988 GC heap after
Heap after GC invocations=27 (full 5):
 PSYoungGen      total 546304K, used 0K [0x000000076b780000, 0x000000078f400000, 0x00000007c0000000)
  eden space 508416K, 0% used [0x000000076b780000,0x000000076b780000,0x000000078a800000)
  from space 37888K, 0% used [0x000000078cf00000,0x000000078cf00000,0x000000078f400000)
  to   space 38912K, 0% used [0x000000078a800000,0x000000078a800000,0x000000078ce00000)
 ParOldGen       total 218624K, used 60558K [0x00000006c2600000, 0x00000006cfb80000, 0x000000076b780000)
  object space 218624K, 27% used [0x00000006c2600000,0x00000006c6123ae8,0x00000006cfb80000)
 Metaspace       used 30812K, capacity 31117K, committed 31488K, reserved 1077248K
  class space    used 3721K, capacity 3804K, committed 3840K, reserved 1048576K
}
Event: 115.938 GC heap before
{Heap before GC invocations=28 (full 5):
 PSYoungGen      total 546304K, used 275142K [0x000000076b780000, 0x000000078f400000, 0x00000007c0000000)
  eden space 508416K, 54% used [0x000000076b780000,0x000000077c431a68,0x000000078a800000)
  from space 37888K, 0% used [0x000000078cf00000,0x000000078cf00000,0x000000078f400000)
  to   space 38912K, 0% used [0x000000078a800000,0x000000078a800000,0x000000078ce00000)
 ParOldGen       total 218624K, used 60558K [0x00000006c2600000, 0x00000006cfb80000, 0x000000076b780000)
  object space 218624K, 27% used [0x00000006c2600000,0x00000006c6123ae8,0x00000006cfb80000)
 Metaspace       used 35501K, capacity 35817K, committed 36224K, reserved 1081344K
  class space    used 4266K, capacity 4358K, committed 4480K, reserved 1048576K
Event: 115.983 GC heap after
Heap after GC invocations=28 (full 5):
 PSYoungGen      total 547328K, used 28224K [0x000000076b780000, 0x000000078fb00000, 0x00000007c0000000)
  eden space 508416K, 0% used [0x000000076b780000,0x000000076b780000,0x000000078a800000)
  from space 38912K, 72% used [0x000000078a800000,0x000000078c3903f8,0x000000078ce00000)
  to   space 42496K, 0% used [0x000000078d180000,0x000000078d180000,0x000000078fb00000)
 ParOldGen       total 218624K, used 60585K [0x00000006c2600000, 0x00000006cfb80000, 0x000000076b780000)
  object space 218624K, 27% used [0x00000006c2600000,0x00000006c612a718,0x00000006cfb80000)
 Metaspace       used 35501K, capacity 35817K, committed 36224K, reserved 1081344K
  class space    used 4266K, capacity 4358K, committed 4480K, reserved 1048576K
}
Event: 115.983 GC heap before
{Heap before GC invocations=29 (full 6):
 PSYoungGen      total 547328K, used 28224K [0x000000076b780000, 0x000000078fb00000, 0x00000007c0000000)
  eden space 508416K, 0% used [0x000000076b780000,0x000000076b780000,0x000000078a800000)
  from space 38912K, 72% used [0x000000078a800000,0x000000078c3903f8,0x000000078ce00000)
  to   space 42496K, 0% used [0x000000078d180000,0x000000078d180000,0x000000078fb00000)
 ParOldGen       total 218624K, used 60585K [0x00000006c2600000, 0x00000006cfb80000, 0x000000076b780000)
  object space 218624K, 27% used [0x00000006c2600000,0x00000006c612a718,0x00000006cfb80000)
 Metaspace       used 35501K, capacity 35817K, committed 36224K, reserved 1081344K
  class space    used 4266K, capacity 4358K, committed 4480K, reserved 1048576K
Event: 116.129 GC heap after
Heap after GC invocations=29 (full 6):
 PSYoungGen      total 547328K, used 0K [0x000000076b780000, 0x000000078fb00000, 0x00000007c0000000)
  eden space 508416K, 0% used [0x000000076b780000,0x000000076b780000,0x000000078a800000)
  from space 38912K, 0% used [0x000000078a800000,0x000000078a800000,0x000000078ce00000)
  to   space 42496K, 0% used [0x000000078d180000,0x000000078d180000,0x000000078fb00000)
 ParOldGen       total 218624K, used 87153K [0x00000006c2600000, 0x00000006cfb80000, 0x000000076b780000)
  object space 218624K, 39% used [0x00000006c2600000,0x00000006c7b1c5c8,0x00000006cfb80000)
 Metaspace       used 35501K, capacity 35817K, committed 36224K, reserved 1081344K
  class space    used 4266K, capacity 4358K, committed 4480K, reserved 1048576K
}
Event: 119.167 GC heap before
{Heap before GC invocations=30 (full 6):
 PSYoungGen      total 547328K, used 508416K [0x000000076b780000, 0x000000078fb00000, 0x00000007c0000000)
  eden space 508416K, 100% used [0x000000076b780000,0x000000078a800000,0x000000078a800000)
  from space 38912K, 0% used [0x000000078a800000,0x000000078a800000,0x000000078ce00000)
  to   space 42496K, 0% used [0x000000078d180000,0x000000078d180000,0x000000078fb00000)
 ParOldGen       total 218624K, used 87153K [0x00000006c2600000, 0x00000006cfb80000, 0x000000076b780000)
  object space 218624K, 39% used [0x00000006c2600000,0x00000006c7b1c5c8,0x00000006cfb80000)
 Metaspace       used 41483K, capacity 41845K, committed 42368K, reserved 1087488K
  class space    used 4865K, capacity 4962K, committed 4992K, reserved 1048576K
Event: 119.175 GC heap after
Heap after GC invocations=30 (full 6):
 PSYoungGen      total 553472K, used 11845K [0x000000076b780000, 0x0000000798900000, 0x00000007c0000000)
  eden space 510976K, 0% used [0x000000076b780000,0x000000076b780000,0x000000078aa80000)
  from space 42496K, 27% used [0x000000078d180000,0x000000078dd117b8,0x000000078fb00000)
  to   space 39936K, 0% used [0x000000078aa80000,0x000000078aa80000,0x000000078d180000)
 ParOldGen       total 218624K, used 87161K [0x00000006c2600000, 0x00000006cfb80000, 0x000000076b780000)
  object space 218624K, 39% used [0x00000006c2600000,0x00000006c7b1e5c8,0x00000006cfb80000)
 Metaspace       used 41483K, capacity 41845K, committed 42368K, reserved 1087488K
  class space    used 4865K, capacity 4962K, committed 4992K, reserved 1048576K
}

