# JRE version: Java(TM) SE Runtime Environment (8.0_351-b10) (build 1.8.0_351-b10)
# Java VM: Java HotSpot(TM) 64-Bit Server VM (25.351-b10 mixed mode windows-amd64 compressed oops)
Heap:
 PSYoungGen      total 287232K, used 115687K [0x000000076b780000, 0x0000000781a00000, 0x00000007c0000000)
  eden space 278528K, 38% used [0x000000076b780000,0x0000000772032b60,0x000000077c780000)
  from space 8704K, 97% used [0x0000000781180000,0x00000007819c7228,0x0000000781a00000)
  to   space 39936K, 0% used [0x000000077cc00000,0x000000077cc00000,0x000000077f300000)
 ParOldGen       total 124928K, used 103014K [0x00000006c2600000, 0x00000006ca000000, 0x000000076b780000)
  object space 124928K, 82% used [0x00000006c2600000,0x00000006c8a99bb0,0x00000006ca000000)
 Metaspace       used 30826K, capacity 31165K, committed 31616K, reserved 1077248K
  class space    used 3782K, capacity 3903K, committed 3968K, reserved 1048576K
GC Heap History (10 events):
Event: 10.275 GC heap before
{Heap before GC invocations=16 (full 2):
 PSYoungGen      total 134144K, used 131314K [0x000000076b780000, 0x0000000778600000, 0x00000007c0000000)
  eden space 107520K, 100% used [0x000000076b780000,0x0000000772080000,0x0000000772080000)
  from space 26624K, 89% used [0x0000000772080000,0x00000007737bc9b0,0x0000000773a80000)
  to   space 29696K, 0% used [0x0000000776900000,0x0000000776900000,0x0000000778600000)
 ParOldGen       total 124928K, used 59416K [0x00000006c2600000, 0x00000006ca000000, 0x000000076b780000)
  object space 124928K, 47% used [0x00000006c2600000,0x00000006c6006318,0x00000006ca000000)
 Metaspace       used 25223K, capacity 25525K, committed 25728K, reserved 1071104K
  class space    used 3074K, capacity 3181K, committed 3200K, reserved 1048576K
Event: 10.295 GC heap after
Heap after GC invocations=16 (full 2):
 PSYoungGen      total 179200K, used 24681K [0x000000076b780000, 0x0000000778e80000, 0x00000007c0000000)
  eden space 149504K, 0% used [0x000000076b780000,0x000000076b780000,0x0000000774980000)
  from space 29696K, 83% used [0x0000000776900000,0x000000077811a430,0x0000000778600000)
  to   space 32256K, 0% used [0x0000000774980000,0x0000000774980000,0x0000000776900000)
 ParOldGen       total 124928K, used 78956K [0x00000006c2600000, 0x00000006ca000000, 0x000000076b780000)
  object space 124928K, 63% used [0x00000006c2600000,0x00000006c731b218,0x00000006ca000000)
 Metaspace       used 25223K, capacity 25525K, committed 25728K, reserved 1071104K
  class space    used 3074K, capacity 3181K, committed 3200K, reserved 1048576K
}
Event: 11.072 GC heap before
{Heap before GC invocations=17 (full 2):
 PSYoungGen      total 179200K, used 174185K [0x000000076b780000, 0x0000000778e80000, 0x00000007c0000000)
  eden space 149504K, 100% used [0x000000076b780000,0x0000000774980000,0x0000000774980000)
  from space 29696K, 83% used [0x0000000776900000,0x000000077811a430,0x0000000778600000)
  to   space 32256K, 0% used [0x0000000774980000,0x0000000774980000,0x0000000776900000)
 ParOldGen       total 124928K, used 78956K [0x00000006c2600000, 0x00000006ca000000, 0x000000076b780000)
  object space 124928K, 63% used [0x00000006c2600000,0x00000006c731b218,0x00000006ca000000)
 Metaspace       used 25261K, capacity 25589K, committed 25984K, reserved 1073152K
  class space    used 3075K, capacity 3181K, committed 3200K, reserved 1048576K
Event: 11.093 GC heap after
Heap after GC invocations=17 (full 2):
 PSYoungGen      total 181760K, used 32248K [0x000000076b780000, 0x000000077da80000, 0x00000007c0000000)
  eden space 149504K, 0% used [0x000000076b780000,0x000000076b780000,0x0000000774980000)
  from space 32256K, 99% used [0x0000000774980000,0x00000007768fe078,0x0000000776900000)
  to   space 39424K, 0% used [0x000000077b400000,0x000000077b400000,0x000000077da80000)
 ParOldGen       total 124928K, used 85697K [0x00000006c2600000, 0x00000006ca000000, 0x000000076b780000)
  object space 124928K, 68% used [0x00000006c2600000,0x00000006c79b0488,0x00000006ca000000)
 Metaspace       used 25261K, capacity 25589K, committed 25984K, reserved 1073152K
  class space    used 3075K, capacity 3181K, committed 3200K, reserved 1048576K
}
Event: 11.950 GC heap before
{Heap before GC invocations=18 (full 2):
 PSYoungGen      total 181760K, used 181752K [0x000000076b780000, 0x000000077da80000, 0x00000007c0000000)
  eden space 149504K, 100% used [0x000000076b780000,0x0000000774980000,0x0000000774980000)
  from space 32256K, 99% used [0x0000000774980000,0x00000007768fe078,0x0000000776900000)
  to   space 39424K, 0% used [0x000000077b400000,0x000000077b400000,0x000000077da80000)
 ParOldGen       total 124928K, used 85697K [0x00000006c2600000, 0x00000006ca000000, 0x000000076b780000)
  object space 124928K, 68% used [0x00000006c2600000,0x00000006c79b0488,0x00000006ca000000)
 Metaspace       used 25614K, capacity 25973K, committed 26368K, reserved 1073152K
  class space    used 3120K, capacity 3245K, committed 3328K, reserved 1048576K
Event: 11.973 GC heap after
Heap after GC invocations=18 (full 2):
 PSYoungGen      total 256512K, used 29256K [0x000000076b780000, 0x000000077df80000, 0x00000007c0000000)
  eden space 217088K, 0% used [0x000000076b780000,0x000000076b780000,0x0000000778b80000)
  from space 39424K, 74% used [0x000000077b400000,0x000000077d092208,0x000000077da80000)
  to   space 41472K, 0% used [0x0000000778b80000,0x0000000778b80000,0x000000077b400000)
 ParOldGen       total 124928K, used 94709K [0x00000006c2600000, 0x00000006ca000000, 0x000000076b780000)
  object space 124928K, 75% used [0x00000006c2600000,0x00000006c827d428,0x00000006ca000000)
 Metaspace       used 25614K, capacity 25973K, committed 26368K, reserved 1073152K
  class space    used 3120K, capacity 3245K, committed 3328K, reserved 1048576K
}
Event: 14.373 GC heap before
{Heap before GC invocations=19 (full 2):
 PSYoungGen      total 256512K, used 241865K [0x000000076b780000, 0x000000077df80000, 0x00000007c0000000)
  eden space 217088K, 97% used [0x000000076b780000,0x00000007787202d8,0x0000000778b80000)
  from space 39424K, 74% used [0x000000077b400000,0x000000077d092208,0x000000077da80000)
  to   space 41472K, 0% used [0x0000000778b80000,0x0000000778b80000,0x000000077b400000)
 ParOldGen       total 124928K, used 94709K [0x00000006c2600000, 0x00000006ca000000, 0x000000076b780000)
  object space 124928K, 75% used [0x00000006c2600000,0x00000006c827d428,0x00000006ca000000)
 Metaspace       used 28720K, capacity 29011K, committed 29568K, reserved 1075200K
  class space    used 3525K, capacity 3613K, committed 3712K, reserved 1048576K
Event: 14.379 GC heap after
Heap after GC invocations=19 (full 2):
 PSYoungGen      total 258560K, used 9641K [0x000000076b780000, 0x0000000783980000, 0x00000007c0000000)
  eden space 217088K, 0% used [0x000000076b780000,0x000000076b780000,0x0000000778b80000)
  from space 41472K, 23% used [0x0000000778b80000,0x00000007794ea760,0x000000077b400000)
  to   space 40960K, 0% used [0x0000000781180000,0x0000000781180000,0x0000000783980000)
 ParOldGen       total 124928K, used 97732K [0x00000006c2600000, 0x00000006ca000000, 0x000000076b780000)
  object space 124928K, 78% used [0x00000006c2600000,0x00000006c8571138,0x00000006ca000000)
 Metaspace       used 28720K, capacity 29011K, committed 29568K, reserved 1075200K
  class space    used 3525K, capacity 3613K, committed 3712K, reserved 1048576K
}
Event: 15.275 GC heap before
{Heap before GC invocations=20 (full 2):
 PSYoungGen      total 258560K, used 226729K [0x000000076b780000, 0x0000000783980000, 0x00000007c0000000)
  eden space 217088K, 100% used [0x000000076b780000,0x0000000778b80000,0x0000000778b80000)
  from space 41472K, 23% used [0x0000000778b80000,0x00000007794ea760,0x000000077b400000)
  to   space 40960K, 0% used [0x0000000781180000,0x0000000781180000,0x0000000783980000)
 ParOldGen       total 124928K, used 97732K [0x00000006c2600000, 0x00000006ca000000, 0x000000076b780000)
  object space 124928K, 78% used [0x00000006c2600000,0x00000006c8571138,0x00000006ca000000)
 Metaspace       used 30705K, capacity 31101K, committed 31616K, reserved 1077248K
  class space    used 3779K, capacity 3903K, committed 3968K, reserved 1048576K
Event: 15.281 GC heap after
Heap after GC invocations=20 (full 2):
 PSYoungGen      total 287232K, used 8476K [0x000000076b780000, 0x0000000781a00000, 0x00000007c0000000)
  eden space 278528K, 0% used [0x000000076b780000,0x000000076b780000,0x000000077c780000)
  from space 8704K, 97% used [0x0000000781180000,0x00000007819c7228,0x0000000781a00000)
  to   space 39936K, 0% used [0x000000077cc00000,0x000000077cc00000,0x000000077f300000)
 ParOldGen       total 124928K, used 103014K [0x00000006c2600000, 0x00000006ca000000, 0x000000076b780000)
  object space 124928K, 82% used [0x00000006c2600000,0x00000006c8a99bb0,0x00000006ca000000)
 Metaspace       used 30705K, capacity 31101K, committed 31616K, reserved 1077248K
  class space    used 3779K, capacity 3903K, committed 3968K, reserved 1048576K
}

